[debug] [2023-12-23T12:34:31.215Z] ----------------------------------------------------------------------
[debug] [2023-12-23T12:34:31.341Z] Command:       C:\Program Files\nodejs\node.exe C:\Users\anusha\AppData\Roaming\npm\node_modules\firebase-tools\lib\bin\firebase.js init
[debug] [2023-12-23T12:34:31.375Z] CLI Version:   13.0.2
[debug] [2023-12-23T12:34:31.376Z] Platform:      win32
[debug] [2023-12-23T12:34:31.423Z] Node Version:  v20.10.0
[debug] [2023-12-23T12:34:31.451Z] Time:          Sat Dec 23 2023 18:04:31 GMT+0530 (India Standard Time)
[debug] [2023-12-23T12:34:31.452Z] ----------------------------------------------------------------------
[debug] 
[debug] [2023-12-23T12:34:31.476Z] > command requires scopes: ["email","openid","https://www.googleapis.com/auth/cloudplatformprojects.readonly","https://www.googleapis.com/auth/firebase","https://www.googleapis.com/auth/cloud-platform"]
[debug] [2023-12-23T12:34:31.477Z] > authorizing via signed-in user (anusham0621@gmail.com)
[info] 
     ######## #### ########  ######## ########     ###     ######  ########
     ##        ##  ##     ## ##       ##     ##  ##   ##  ##       ##
     ######    ##  ########  ######   ########  #########  ######  ######
     ##        ##  ##    ##  ##       ##     ## ##     ##       ## ##
     ##       #### ##     ## ######## ########  ##     ##  ######  ########

You're about to initialize a Firebase project in this directory:

  C:\Users\anusha\OneDrive\Desktop\MBFARMERMARKET

[info] 
=== Project Setup
[info] 
[info] First, let's associate this project directory with a Firebase project.
[info] You can create multiple project aliases by running firebase use --add, 
[info] but for now we'll just set up a default project.
[info] 
[debug] [2023-12-23T12:35:35.839Z] >>> [apiv2][query] GET https://firebase.googleapis.com/v1beta1/projects pageSize=100
[debug] [2023-12-23T12:35:36.989Z] <<< [apiv2][status] GET https://firebase.googleapis.com/v1beta1/projects 200
[debug] [2023-12-23T12:35:36.989Z] <<< [apiv2][body] GET https://firebase.googleapis.com/v1beta1/projects [omitted]
[info] i  Using project mbfarmermarket-e9c99 (MBFARMERMARKET) 
[info] 
=== Hosting Setup
[debug] [2023-12-23T12:35:39.971Z] >>> [apiv2][query] GET https://firebase.googleapis.com/v1beta1/projects/mbfarmermarket-e9c99 [none]
[debug] [2023-12-23T12:35:40.310Z] <<< [apiv2][status] GET https://firebase.googleapis.com/v1beta1/projects/mbfarmermarket-e9c99 200
[debug] [2023-12-23T12:35:40.310Z] <<< [apiv2][body] GET https://firebase.googleapis.com/v1beta1/projects/mbfarmermarket-e9c99 {"projectId":"mbfarmermarket-e9c99","projectNumber":"734610040520","displayName":"MBFARMERMARKET","name":"projects/mbfarmermarket-e9c99","resources":{"hostingSite":"mbfarmermarket-e9c99"},"state":"ACTIVE","etag":"1_80556d52-29c1-4dd4-8910-7a076e732e6e"}
[info] 
[info] Your public directory is the folder (relative to your project directory) that
[info] will contain Hosting assets to be uploaded with firebase deploy. If you
[info] have a build process for your assets, use your build's output directory.
[info] 
